{"level":"error","msg":"json: cannot unmarshal number into Go value of type model.GetBaseEmployeesRequest","time":"2024-11-30T18:59:54+03:00"}
{"level":"error","msg":"pq: syntax error at or near \"LIMIT\"","time":"2024-11-30T18:59:54+03:00"}
{"level":"error","msg":"pq: column \"role\" does not exist","time":"2024-11-30T19:03:07+03:00"}
{"level":"error","msg":"pq: column \"role\" does not exist","time":"2024-11-30T19:11:56+03:00"}
{"level":"error","msg":"pq: column \"role\" does not exist","time":"2024-11-30T19:13:08+03:00"}
{"level":"error","msg":"sql: expected 1 destination arguments in Scan, not 12","time":"2024-11-30T19:14:13+03:00"}
{"level":"error","msg":"pq: column reference \"name\" is ambiguous","time":"2024-11-30T19:22:40+03:00"}
{"level":"error","msg":"sql: expected 8 destination arguments in Scan, not 7","time":"2024-11-30T19:30:42+03:00"}
{"level":"error","msg":"pq: syntax error at or near \")\"","time":"2024-11-30T19:44:04+03:00"}
{"level":"error","msg":"pq: syntax error at or near \")\"","time":"2024-11-30T19:44:14+03:00"}
{"level":"error","msg":"pq: syntax error at or near \")\"","time":"2024-11-30T19:44:43+03:00"}
{"level":"error","msg":"pq: syntax error at or near \")\"","time":"2024-11-30T19:46:07+03:00"}
{"level":"error","msg":"pq: column e.role does not exist","time":"2024-11-30T19:47:04+03:00"}
{"level":"error","msg":"pq: column \"full_name\" does not exist","time":"2024-11-30T19:48:32+03:00"}
{"level":"error","msg":"pq: column \"unit\" does not exist","time":"2024-11-30T20:23:02+03:00"}
{"level":"error","msg":"pq: column \"role\" does not exist","time":"2024-11-30T20:23:58+03:00"}
{"level":"error","msg":"pq: column reference \"name\" is ambiguous","time":"2024-11-30T20:24:28+03:00"}
{"level":"error","msg":"pq: column reference \"name\" is ambiguous","time":"2024-11-30T20:25:36+03:00"}
{"level":"error","msg":"pq: syntax error at or near \"LIMIT\"","time":"2024-11-30T20:26:32+03:00"}
{"level":"error","msg":"pq: syntax error at or near \"LIMIT\"","time":"2024-11-30T20:27:17+03:00"}
{"level":"error","msg":"pq: syntax error at or near \"LIMIT\"","time":"2024-11-30T20:28:44+03:00"}
{"level":"error","msg":"pq: got 1 parameters but the statement requires 3","time":"2024-11-30T20:36:33+03:00"}
{"level":"error","msg":"pq: syntax error at or near \",\"","time":"2024-11-30T20:37:11+03:00"}
{"level":"error","msg":"pq: syntax error at or near \",\"","time":"2024-11-30T20:37:49+03:00"}
{"level":"error","msg":"pq: syntax error at or near \",\"","time":"2024-11-30T20:38:38+03:00"}
{"level":"error","msg":"pq: syntax error at or near \",\"","time":"2024-11-30T20:40:16+03:00"}
{"level":"error","msg":"pq: syntax error at or near \",\"","time":"2024-11-30T20:46:54+03:00"}
