{"URI":"/api/v1/swagger/","error":"code=404, message=Not Found","ip":"::1","level":"info","method":"GET","msg":"request","status":404,"time":"2024-11-30T18:53:40+03:00"}
{"URI":"/api/v1/auth","error":"code=404, message=Not Found","ip":"::1","level":"info","method":"POST","msg":"request","status":404,"time":"2024-11-30T18:57:15+03:00"}
{"URI":"/api/v1/auth","error":"code=404, message=Not Found","ip":"::1","level":"info","method":"POST","msg":"request","status":404,"time":"2024-11-30T18:58:36+03:00"}
{"URI":"/api/v1/employee","error":"code=500, message=Internal Server Error","ip":"::1","level":"info","method":"POST","msg":"request","status":500,"time":"2024-11-30T18:59:54+03:00"}
{"URI":"/api/v1/auth?id=8e3bcb18-00dd-410d-bfd2-976602216000\u0026refresh=eyJhbGciOiJIUzUxMiIsInR5cCI6IkpXVCJ9.eyJleHAiOjE3MzI4OTQxNzUsImlhdCI6MTczMjgwNzc3NSwiaWQiOiI4ZTNiY2IxOC0wMGRkLTQxMGQtYmZkMi05NzY2MDIyMTYwMDAiLCJpcCI6Ijo6MSJ9.vlawdfv6LVPS5hCXVq75dMTONakylwbbZ90VjZy7k_lSrcsrxMQp4WA5c-Ky8NovE0ZR7A3fkMEZpj7v_Y7hYQ","error":"code=404, message=Not Found","ip":"::1","level":"info","method":"GET","msg":"request","status":404,"time":"2024-11-30T19:02:50+03:00"}
{"URI":"/api/v1/employee","error":"code=500, message=Internal Server Error","ip":"::1","level":"info","method":"POST","msg":"request","status":500,"time":"2024-11-30T19:03:07+03:00"}
{"URI":"/api/v1/employee","error":"code=500, message=Internal Server Error","ip":"::1","level":"info","method":"POST","msg":"request","status":500,"time":"2024-11-30T19:11:56+03:00"}
{"URI":"/api/v1/employee","error":"code=500, message=Internal Server Error","ip":"::1","level":"info","method":"POST","msg":"request","status":500,"time":"2024-11-30T19:13:08+03:00"}
{"URI":"/api/v1/employee","error":"code=500, message=Internal Server Error","ip":"::1","level":"info","method":"POST","msg":"request","status":500,"time":"2024-11-30T19:14:13+03:00"}
{"URI":"/api/v1/employee","error":"code=500, message=Internal Server Error","ip":"::1","level":"info","method":"POST","msg":"request","status":500,"time":"2024-11-30T19:22:40+03:00"}
{"URI":"/api/v1/employee","error":null,"ip":"::1","level":"info","method":"POST","msg":"request","status":200,"time":"2024-11-30T19:24:00+03:00"}
{"URI":"/api/v1/employee","error":null,"ip":"::1","level":"info","method":"POST","msg":"request","status":200,"time":"2024-11-30T19:24:10+03:00"}
{"URI":"/api/v1/employee","error":null,"ip":"::1","level":"info","method":"POST","msg":"request","status":200,"time":"2024-11-30T19:24:17+03:00"}
{"URI":"/api/v1/employee","error":null,"ip":"::1","level":"info","method":"POST","msg":"request","status":200,"time":"2024-11-30T19:27:49+03:00"}
{"URI":"/api/v1/employee","error":null,"ip":"::1","level":"info","method":"POST","msg":"request","status":200,"time":"2024-11-30T19:27:59+03:00"}
{"URI":"/api/v1/employee","error":null,"ip":"::1","level":"info","method":"POST","msg":"request","status":200,"time":"2024-11-30T19:28:48+03:00"}
{"URI":"/api/v1/employee","error":null,"ip":"::1","level":"info","method":"POST","msg":"request","status":200,"time":"2024-11-30T19:29:38+03:00"}
{"URI":"/api/v1/employee","error":"code=500, message=Internal Server Error","ip":"::1","level":"info","method":"POST","msg":"request","status":500,"time":"2024-11-30T19:30:42+03:00"}
{"URI":"/api/v1/employee","error":null,"ip":"::1","level":"info","method":"POST","msg":"request","status":200,"time":"2024-11-30T19:33:00+03:00"}
{"URI":"/api/v1/employee","error":null,"ip":"::1","level":"info","method":"POST","msg":"request","status":200,"time":"2024-11-30T19:34:34+03:00"}
{"URI":"/api/v1/employee","error":"code=404, message=user was not found","ip":"::1","level":"info","method":"POST","msg":"request","status":404,"time":"2024-11-30T19:35:10+03:00"}
{"URI":"/api/v1/employee","error":null,"ip":"::1","level":"info","method":"POST","msg":"request","status":200,"time":"2024-11-30T19:35:15+03:00"}
{"URI":"/api/v1/employee","error":null,"ip":"::1","level":"info","method":"POST","msg":"request","status":200,"time":"2024-11-30T19:35:19+03:00"}
{"URI":"/api/v1/employees","error":"code=500, message=Internal Server Error","ip":"::1","level":"info","method":"POST","msg":"request","status":500,"time":"2024-11-30T19:44:04+03:00"}
{"URI":"/api/v1/employees","error":"code=500, message=Internal Server Error","ip":"::1","level":"info","method":"POST","msg":"request","status":500,"time":"2024-11-30T19:44:14+03:00"}
{"URI":"/api/v1/employees","error":"code=500, message=Internal Server Error","ip":"::1","level":"info","method":"POST","msg":"request","status":500,"time":"2024-11-30T19:44:43+03:00"}
{"URI":"/api/v1/employees","error":"code=400, message=pagination limit must be provided","ip":"::1","level":"info","method":"POST","msg":"request","status":400,"time":"2024-11-30T19:45:52+03:00"}
{"URI":"/api/v1/employees","error":"code=500, message=Internal Server Error","ip":"::1","level":"info","method":"POST","msg":"request","status":500,"time":"2024-11-30T19:46:07+03:00"}
{"URI":"/api/v1/employees","error":"code=500, message=Internal Server Error","ip":"::1","level":"info","method":"POST","msg":"request","status":500,"time":"2024-11-30T19:47:04+03:00"}
{"URI":"/api/v1/employees","error":"code=500, message=Internal Server Error","ip":"::1","level":"info","method":"POST","msg":"request","status":500,"time":"2024-11-30T19:48:32+03:00"}
{"URI":"/api/v1/employees","error":"code=500, message=Internal Server Error","ip":"::1","level":"info","method":"POST","msg":"request","status":500,"time":"2024-11-30T20:23:02+03:00"}
{"URI":"/api/v1/employees","error":"code=500, message=Internal Server Error","ip":"::1","level":"info","method":"POST","msg":"request","status":500,"time":"2024-11-30T20:23:58+03:00"}
{"URI":"/api/v1/employees","error":"code=500, message=Internal Server Error","ip":"::1","level":"info","method":"POST","msg":"request","status":500,"time":"2024-11-30T20:24:28+03:00"}
{"URI":"/api/v1/employees","error":"code=500, message=Internal Server Error","ip":"::1","level":"info","method":"POST","msg":"request","status":500,"time":"2024-11-30T20:25:36+03:00"}
{"URI":"/api/v1/employees","error":null,"ip":"::1","level":"info","method":"POST","msg":"request","status":200,"time":"2024-11-30T20:26:11+03:00"}
{"URI":"/api/v1/employees","error":"code=500, message=Internal Server Error","ip":"::1","level":"info","method":"POST","msg":"request","status":500,"time":"2024-11-30T20:26:32+03:00"}
{"URI":"/api/v1/employees","error":"code=500, message=Internal Server Error","ip":"::1","level":"info","method":"POST","msg":"request","status":500,"time":"2024-11-30T20:27:17+03:00"}
{"URI":"/api/v1/employees","error":"code=500, message=Internal Server Error","ip":"::1","level":"info","method":"POST","msg":"request","status":500,"time":"2024-11-30T20:28:44+03:00"}
{"URI":"/api/v1/employees","error":null,"ip":"::1","level":"info","method":"POST","msg":"request","status":200,"time":"2024-11-30T20:35:05+03:00"}
{"URI":"/api/v1/employees","error":null,"ip":"::1","level":"info","method":"POST","msg":"request","status":200,"time":"2024-11-30T20:35:17+03:00"}
{"URI":"/api/v1/employees","error":"code=400, message=pagination limit must be provided","ip":"::1","level":"info","method":"POST","msg":"request","status":400,"time":"2024-11-30T20:36:06+03:00"}
{"URI":"/api/v1/employees","error":"code=500, message=Internal Server Error","ip":"::1","level":"info","method":"POST","msg":"request","status":500,"time":"2024-11-30T20:36:33+03:00"}
{"URI":"/api/v1/employees","error":null,"ip":"::1","level":"info","method":"POST","msg":"request","status":200,"time":"2024-11-30T20:36:59+03:00"}
{"URI":"/api/v1/employees","error":"code=500, message=Internal Server Error","ip":"::1","level":"info","method":"POST","msg":"request","status":500,"time":"2024-11-30T20:37:11+03:00"}
{"URI":"/api/v1/employees","error":null,"ip":"::1","level":"info","method":"POST","msg":"request","status":200,"time":"2024-11-30T20:37:23+03:00"}
{"URI":"/api/v1/employees","error":"code=500, message=Internal Server Error","ip":"::1","level":"info","method":"POST","msg":"request","status":500,"time":"2024-11-30T20:37:49+03:00"}
{"URI":"/api/v1/employees","error":"code=500, message=Internal Server Error","ip":"::1","level":"info","method":"POST","msg":"request","status":500,"time":"2024-11-30T20:38:38+03:00"}
{"URI":"/api/v1/employees","error":"code=500, message=Internal Server Error","ip":"::1","level":"info","method":"POST","msg":"request","status":500,"time":"2024-11-30T20:40:16+03:00"}
{"URI":"/api/v1/employees","error":"code=500, message=Internal Server Error","ip":"::1","level":"info","method":"POST","msg":"request","status":500,"time":"2024-11-30T20:46:54+03:00"}
{"URI":"/api/v1/employees","error":null,"ip":"::1","level":"info","method":"POST","msg":"request","status":200,"time":"2024-11-30T20:47:15+03:00"}
{"URI":"/api/v1/employees","error":null,"ip":"::1","level":"info","method":"POST","msg":"request","status":200,"time":"2024-11-30T20:48:20+03:00"}
{"URI":"/api/v1/employees","error":"code=400, message=name is too long","ip":"::1","level":"info","method":"POST","msg":"request","status":400,"time":"2024-11-30T20:50:53+03:00"}
{"URI":"/api/v1/employees","error":null,"ip":"::1","level":"info","method":"POST","msg":"request","status":200,"time":"2024-11-30T20:50:58+03:00"}
{"URI":"/api/v1/employees","error":null,"ip":"::1","level":"info","method":"POST","msg":"request","status":200,"time":"2024-11-30T20:51:03+03:00"}
{"URI":"/api/v1/employees","error":null,"ip":"::1","level":"info","method":"POST","msg":"request","status":200,"time":"2024-11-30T20:51:13+03:00"}
{"URI":"/api/v1/employees","error":null,"ip":"::1","level":"info","method":"POST","msg":"request","status":200,"time":"2024-11-30T20:51:30+03:00"}
{"URI":"/api/v1/employees","error":null,"ip":"::1","level":"info","method":"POST","msg":"request","status":200,"time":"2024-11-30T20:51:45+03:00"}
{"URI":"/api/v1/employees","error":null,"ip":"::1","level":"info","method":"POST","msg":"request","status":200,"time":"2024-11-30T20:52:07+03:00"}
{"URI":"/api/v1/employees","error":"code=400, message=pagination limit must be provided","ip":"::1","level":"info","method":"POST","msg":"request","status":400,"time":"2024-11-30T20:56:20+03:00"}
{"URI":"/api/v1/employees","error":null,"ip":"::1","level":"info","method":"POST","msg":"request","status":200,"time":"2024-11-30T20:56:27+03:00"}
{"URI":"/api/v1/hint","error":"code=500, message=Internal Server Error","ip":"::1","level":"info","method":"POST","msg":"request","status":500,"time":"2024-11-30T21:23:37+03:00"}
